[debug] [2025-10-05T09:55:43.314Z] ----------------------------------------------------------------------
[debug] [2025-10-05T09:55:43.318Z] Command:       C:\Program Files\nodejs\node.exe C:\Users\HP\AppData\Roaming\npm\node_modules\firebase-tools\lib\bin\firebase.js init
[debug] [2025-10-05T09:55:43.318Z] CLI Version:   14.6.0
[debug] [2025-10-05T09:55:43.319Z] Platform:      win32
[debug] [2025-10-05T09:55:43.319Z] Node Version:  v22.16.0
[debug] [2025-10-05T09:55:43.319Z] Time:          Sun Oct 05 2025 15:55:43 GMT+0600 (Bangladesh Standard Time)
[debug] [2025-10-05T09:55:43.319Z] ----------------------------------------------------------------------
[debug] 
[debug] [2025-10-05T09:55:43.323Z] >>> [apiv2][query] GET https://firebase-public.firebaseio.com/cli.json [none]
[debug] [2025-10-05T09:55:43.395Z] > command requires scopes: ["email","openid","https://www.googleapis.com/auth/cloudplatformprojects.readonly","https://www.googleapis.com/auth/firebase","https://www.googleapis.com/auth/cloud-platform"]
[debug] [2025-10-05T09:55:43.395Z] > authorizing via signed-in user (sheikhsalman1999.24@gmail.com)
[info] 
     ######## #### ########  ######## ########     ###     ######  ########
     ##        ##  ##     ## ##       ##     ##  ##   ##  ##       ##
     ######    ##  ########  ######   ########  #########  ######  ######
     ##        ##  ##    ##  ##       ##     ## ##     ##       ## ##
     ##       #### ##     ## ######## ########  ##     ##  ######  ########

You're about to initialize a Firebase project in this directory:

  D:\team-project\Book-Tranding-Hub

[debug] [2025-10-05T09:55:44.320Z] <<< [apiv2][status] GET https://firebase-public.firebaseio.com/cli.json 200
[debug] [2025-10-05T09:55:44.321Z] <<< [apiv2][body] GET https://firebase-public.firebaseio.com/cli.json {"cloudBuildErrorAfter":1594252800000,"cloudBuildWarnAfter":1590019200000,"defaultNode10After":1594252800000,"minVersion":"3.0.5","node8DeploysDisabledAfter":1613390400000,"node8RuntimeDisabledAfter":1615809600000,"node8WarnAfter":1600128000000}
[debug] [2025-10-06T03:25:57.617Z] ----------------------------------------------------------------------
[debug] [2025-10-06T03:25:57.624Z] Command:       C:\Program Files\nodejs\node.exe C:\Users\HP\AppData\Roaming\npm\node_modules\firebase-tools\lib\bin\firebase.js init
[debug] [2025-10-06T03:25:57.625Z] CLI Version:   14.6.0
[debug] [2025-10-06T03:25:57.625Z] Platform:      win32
[debug] [2025-10-06T03:25:57.626Z] Node Version:  v22.16.0
[debug] [2025-10-06T03:25:57.626Z] Time:          Mon Oct 06 2025 09:25:57 GMT+0600 (Bangladesh Standard Time)
[debug] [2025-10-06T03:25:57.627Z] ----------------------------------------------------------------------
[debug] 
[debug] [2025-10-06T03:25:57.638Z] > command requires scopes: ["email","openid","https://www.googleapis.com/auth/cloudplatformprojects.readonly","https://www.googleapis.com/auth/firebase","https://www.googleapis.com/auth/cloud-platform"]
[debug] [2025-10-06T03:25:57.639Z] > authorizing via signed-in user (sheikhsalman1999.24@gmail.com)
[info] 
     ######## #### ########  ######## ########     ###     ######  ########
     ##        ##  ##     ## ##       ##     ##  ##   ##  ##       ##
     ######    ##  ########  ######   ########  #########  ######  ######
     ##        ##  ##    ##  ##       ##     ## ##     ##       ## ##
     ##       #### ##     ## ######## ########  ##     ##  ######  ########

You're about to initialize a Firebase project in this directory:

  D:\team-project\Book-Tranding-Hub

[debug] [2025-10-06T03:54:20.084Z] ExitPromptError: User force closed the prompt with SIGINT
    at Interface.sigint (C:\Users\HP\AppData\Roaming\npm\node_modules\firebase-tools\node_modules\@inquirer\core\dist\commonjs\lib\create-prompt.js:101:37)
    at Interface.emit (node:events:518:28)
    at Interface.emit (node:domain:489:12)
    at [_ttyWrite] [as _ttyWrite] (node:internal/readline/interface:1128:18)
    at ReadStream.onkeypress (node:internal/readline/interface:267:20)
    at ReadStream.emit (node:events:530:35)
    at ReadStream.emit (node:domain:489:12)
    at emitKeys (node:internal/readline/utils:370:14)
    at emitKeys.next (<anonymous>)
    at ReadStream.onData (node:internal/readline/emitKeypressEvents:64:36)
[error] 
[error] Error: An unexpected error has occurred.
